[19:24:41] [ServerMain/INFO]: Environment: Environment[sessionHost=https://sessionserver.mojang.com, servicesHost=https://api.minecraftservices.com, name=PROD]
[19:24:45] [ServerMain/INFO]: Loaded 7 recipes
[19:24:45] [ServerMain/INFO]: Loaded 1271 advancements
[19:24:47] [Server thread/INFO]: Starting minecraft server version 1.20.4
[19:24:47] [Server thread/INFO]: Loading properties
[19:24:47] [Server thread/INFO]: Default game type: SURVIVAL
[19:24:47] [Server thread/INFO]: Generating keypair
[19:24:47] [Server thread/INFO]: Starting Minecraft server on *:25565
[19:24:47] [Server thread/INFO]: Using default channel type
[19:24:47] [Server thread/WARN]: **** SERVER IS RUNNING IN OFFLINE/INSECURE MODE!
[19:24:47] [Server thread/WARN]: The server will make no attempt to authenticate usernames. Beware.
[19:24:47] [Server thread/WARN]: While this makes the game possible to play without internet access, it also opens up the ability for hackers to connect with any username they choose.
[19:24:47] [Server thread/WARN]: To change this, set "online-mode" to "true" in the server.properties file.
[19:24:47] [Server thread/INFO]: Preparing level "world"
[19:24:48] [Server thread/INFO]: Preparing start region for dimension minecraft:overworld
[19:24:52] [Worker-Main-14/INFO]: Preparing spawn area: 0%
[19:24:52] [Worker-Main-4/INFO]: Preparing spawn area: 0%
[19:24:52] [Worker-Main-1/INFO]: Preparing spawn area: 0%
[19:24:52] [Worker-Main-6/INFO]: Preparing spawn area: 0%
[19:24:52] [Worker-Main-9/INFO]: Preparing spawn area: 0%
[19:24:52] [Worker-Main-6/INFO]: Preparing spawn area: 0%
[19:24:52] [Worker-Main-4/INFO]: Preparing spawn area: 0%
[19:24:52] [Worker-Main-9/INFO]: Preparing spawn area: 0%
[19:24:52] [Worker-Main-9/INFO]: Preparing spawn area: 0%
[19:24:53] [Worker-Main-2/INFO]: Preparing spawn area: 6%
[19:24:53] [Worker-Main-7/INFO]: Preparing spawn area: 69%
[19:24:54] [Server thread/INFO]: Time elapsed: 5213 ms
[19:24:54] [Server thread/INFO]: Done (6.657s)! For help, type "help"
[19:26:36] [Server thread/INFO]: TippedGuitar688[/127.0.0.1:52025] logged in with entity id 40 at (481.5, 71.0, -179.5)
[19:26:36] [Server thread/INFO]: TippedGuitar688 joined the game
[19:26:45] [Server thread/WARN]: Can't keep up! Is the server overloaded? Running 2037ms or 40 ticks behind
[20:28:24] [Server thread/INFO]: TippedGuitar688 lost connection: Disconnected
[20:28:24] [Server thread/INFO]: TippedGuitar688 left the game
[20:28:47] [Server thread/INFO]: Saving the game (this may take a moment!)
[20:28:47] [Server thread/INFO]: Saved the game
[20:28:52] [Server thread/INFO]: Stopping the server
[20:28:52] [Server thread/INFO]: Stopping server
[20:28:52] [Server thread/INFO]: Saving players
[20:28:52] [Server thread/INFO]: Saving worlds
[20:28:52] [Server thread/INFO]: Saving chunks for level 'ServerLevel[world]'/minecraft:overworld
[20:28:53] [Server thread/INFO]: Saving chunks for level 'ServerLevel[world]'/minecraft:the_end
[20:28:53] [Server thread/INFO]: Saving chunks for level 'ServerLevel[world]'/minecraft:the_nether
[20:28:53] [Server thread/INFO]: ThreadedAnvilChunkStorage (world): All chunks are saved
[20:28:53] [Server thread/INFO]: ThreadedAnvilChunkStorage (DIM1): All chunks are saved
[20:28:53] [Server thread/INFO]: ThreadedAnvilChunkStorage (DIM-1): All chunks are saved
[20:28:53] [Server thread/INFO]: ThreadedAnvilChunkStorage: All dimensions are saved
